<?xml version="1.0" encoding="UTF-8"?>
<!-- Generated by org.testng.reporters.JUnitReportReporter -->
<testsuite hostname="Soruu" failures="0" tests="1" name="GitX.bluebeast.TestDemo" time="0.039" errors="0" timestamp="2025-06-06T19:25:28 IST" skipped="0">
  <testcase classname="GitX.bluebeast.TestDemo" name="firstTest" time="0.039"/>
</testsuite> <!-- GitX.bluebeast.TestDemo -->
